0 info it worked if it ends with ok
1 verbose cli [ '/usr/local/bin/node',
1 verbose cli   '/usr/local/bin/npm',
1 verbose cli   'install',
1 verbose cli   'node-mongodb' ]
2 info using npm@1.2.21
3 info using node@v0.11.3-pre
4 verbose read json /Users/pc/projects/dailyReport/package.json
5 verbose read json /Users/pc/projects/dailyReport/node_modules/connect-mongo/package.json
6 verbose read json /Users/pc/projects/dailyReport/package.json
7 verbose cache add [ 'node-mongodb', null ]
8 verbose cache add name=undefined spec="node-mongodb" args=["node-mongodb",null]
9 verbose parsed url { protocol: null,
9 verbose parsed url   slashes: null,
9 verbose parsed url   auth: null,
9 verbose parsed url   host: null,
9 verbose parsed url   port: null,
9 verbose parsed url   hostname: null,
9 verbose parsed url   hash: null,
9 verbose parsed url   search: null,
9 verbose parsed url   query: null,
9 verbose parsed url   pathname: 'node-mongodb',
9 verbose parsed url   path: 'node-mongodb',
9 verbose parsed url   href: 'node-mongodb' }
10 silly lockFile e8f10477-node-mongodb node-mongodb
11 verbose lock node-mongodb /Users/pc/.npm/e8f10477-node-mongodb.lock
12 silly lockFile e8f10477-node-mongodb node-mongodb
13 silly lockFile e8f10477-node-mongodb node-mongodb
14 verbose addNamed [ 'node-mongodb', '' ]
15 verbose addNamed [ null, '' ]
16 silly lockFile 949809a2-node-mongodb node-mongodb@
17 verbose lock node-mongodb@ /Users/pc/.npm/949809a2-node-mongodb.lock
18 silly addNameRange { name: 'node-mongodb', range: '', hasData: false }
19 verbose url raw node-mongodb
20 verbose url resolving [ 'https://registry.npmjs.org/', './node-mongodb' ]
21 verbose url resolved https://registry.npmjs.org/node-mongodb
22 info trying registry request attempt 1 at 17:04:17
23 http GET https://registry.npmjs.org/node-mongodb
24 http 404 https://registry.npmjs.org/node-mongodb
25 silly registry.get cb [ 404,
25 silly registry.get   { server: 'CouchDB/1.3.0 (Erlang OTP/R15B03)',
25 silly registry.get     date: 'Sat, 18 May 2013 09:04:19 GMT',
25 silly registry.get     'content-type': 'application/json',
25 silly registry.get     'content-length': '52',
25 silly registry.get     'cache-control': 'must-revalidate' } ]
26 silly lockFile 949809a2-node-mongodb node-mongodb@
27 silly lockFile 949809a2-node-mongodb node-mongodb@
28 error 404 'node-mongodb' is not in the npm registry.
28 error 404 You should bug the author to publish it
28 error 404
28 error 404 Maybe try 'npm search mongodb'
28 error 404
28 error 404 Note that you can also install from a
28 error 404 tarball, folder, or http url, or git url.
29 error System Darwin 12.3.0
30 error command "/usr/local/bin/node" "/usr/local/bin/npm" "install" "node-mongodb"
31 error cwd /Users/pc/projects/dailyReport
32 error node -v v0.11.3-pre
33 error npm -v 1.2.21
34 error code E404
35 verbose exit [ 1, true ]
